[4517] Log opened at 2025-08-14 05:45:29.323326
[4517] [Step Debug] INFO: Connecting to configured address/port: localhost:9003.
[4517] [Step Debug] WARN: Creating socket for 'localhost:9003', poll success, but error: Operation now in progress (19).
[4517] [Step Debug] WARN: Creating socket for 'localhost:9003', poll success, but error: Operation now in progress (19).
[4517] [Step Debug] ERR: Could not connect to debugging client. Tried: localhost:9003 (through xdebug.client_host/xdebug.client_port).
[4517] Log closed at 2025-08-14 05:45:29.326218

[4870] Log opened at 2025-08-14 05:46:02.115233
[4870] [Step Debug] INFO: Connecting to configured address/port: localhost:9003.
[4870] [Step Debug] WARN: Creating socket for 'localhost:9003', poll success, but error: Operation now in progress (19).
[4870] [Step Debug] WARN: Creating socket for 'localhost:9003', poll success, but error: Operation now in progress (19).
[4870] [Step Debug] ERR: Could not connect to debugging client. Tried: localhost:9003 (through xdebug.client_host/xdebug.client_port).
[4870] [Step Debug] INFO: Connecting to configured address/port: localhost:9003.
[4870] [Step Debug] WARN: Creating socket for 'localhost:9003', poll success, but error: Operation now in progress (19).
[4870] [Step Debug] WARN: Creating socket for 'localhost:9003', poll success, but error: Operation now in progress (19).
[4870] [Step Debug] ERR: Could not connect to debugging client. Tried: localhost:9003 (through xdebug.client_host/xdebug.client_port).
[4870] Log closed at 2025-08-14 05:46:02.392590

[4883] Log opened at 2025-08-14 05:46:02.848930
[4883] [Step Debug] INFO: Connecting to configured address/port: localhost:9003.
[4883] [Step Debug] WARN: Creating socket for 'localhost:9003', poll success, but error: Operation now in progress (19).
[4883] [Step Debug] WARN: Creating socket for 'localhost:9003', poll success, but error: Operation now in progress (19).
[4883] [Step Debug] ERR: Could not connect to debugging client. Tried: localhost:9003 (through xdebug.client_host/xdebug.client_port).
[4883] [Step Debug] INFO: Connecting to configured address/port: localhost:9003.
[4883] [Step Debug] WARN: Creating socket for 'localhost:9003', poll success, but error: Operation now in progress (19).
[4883] [Step Debug] WARN: Creating socket for 'localhost:9003', poll success, but error: Operation now in progress (19).
[4883] [Step Debug] ERR: Could not connect to debugging client. Tried: localhost:9003 (through xdebug.client_host/xdebug.client_port).
[4883] Log closed at 2025-08-14 05:46:03.130871

[4894] Log opened at 2025-08-14 05:46:03.790769
[4894] [Step Debug] INFO: Connecting to configured address/port: localhost:9003.
[4894] [Step Debug] WARN: Creating socket for 'localhost:9003', poll success, but error: Operation now in progress (19).
[4894] [Step Debug] WARN: Creating socket for 'localhost:9003', poll success, but error: Operation now in progress (19).
[4894] [Step Debug] ERR: Could not connect to debugging client. Tried: localhost:9003 (through xdebug.client_host/xdebug.client_port).
[4894] [Step Debug] INFO: Connecting to configured address/port: localhost:9003.
[4894] [Step Debug] WARN: Creating socket for 'localhost:9003', poll success, but error: Operation now in progress (19).
[4894] [Step Debug] WARN: Creating socket for 'localhost:9003', poll success, but error: Operation now in progress (19).
[4894] [Step Debug] ERR: Could not connect to debugging client. Tried: localhost:9003 (through xdebug.client_host/xdebug.client_port).
[4894] Log closed at 2025-08-14 05:46:03.961729

[4909] Log opened at 2025-08-14 05:46:04.084268
[4909] [Step Debug] INFO: Connecting to configured address/port: localhost:9003.
[4909] [Step Debug] WARN: Creating socket for 'localhost:9003', poll success, but error: Operation now in progress (19).
[4909] [Step Debug] WARN: Creating socket for 'localhost:9003', poll success, but error: Operation now in progress (19).
[4909] [Step Debug] ERR: Could not connect to debugging client. Tried: localhost:9003 (through xdebug.client_host/xdebug.client_port).
[4909] Log closed at 2025-08-14 05:46:04.087537

[4913] Log opened at 2025-08-14 05:46:04.189954
[4913] [Step Debug] INFO: Connecting to configured address/port: localhost:9003.
[4913] [Step Debug] WARN: Creating socket for 'localhost:9003', poll success, but error: Operation now in progress (19).
[4913] [Step Debug] WARN: Creating socket for 'localhost:9003', poll success, but error: Operation now in progress (19).
[4913] [Step Debug] ERR: Could not connect to debugging client. Tried: localhost:9003 (through xdebug.client_host/xdebug.client_port).
[4913] [Step Debug] INFO: Connecting to configured address/port: localhost:9003.
[4913] [Step Debug] WARN: Creating socket for 'localhost:9003', poll success, but error: Operation now in progress (19).
[4913] [Step Debug] WARN: Creating socket for 'localhost:9003', poll success, but error: Operation now in progress (19).
[4913] [Step Debug] ERR: Could not connect to debugging client. Tried: localhost:9003 (through xdebug.client_host/xdebug.client_port).
[4913] Log closed at 2025-08-14 05:46:04.458054

[4954] Log opened at 2025-08-14 05:46:05.914757
[4954] [Step Debug] INFO: Connecting to configured address/port: localhost:9003.
[4954] [Step Debug] WARN: Creating socket for 'localhost:9003', poll success, but error: Operation now in progress (19).
[4954] [Step Debug] WARN: Creating socket for 'localhost:9003', poll success, but error: Operation now in progress (19).
[4954] [Step Debug] ERR: Could not connect to debugging client. Tried: localhost:9003 (through xdebug.client_host/xdebug.client_port).
[4954] Log closed at 2025-08-14 05:46:05.918299

[5001] Log opened at 2025-08-14 05:46:06.305890
[5001] [Step Debug] INFO: Connecting to configured address/port: localhost:9003.
[5001] [Step Debug] WARN: Creating socket for 'localhost:9003', poll success, but error: Operation now in progress (19).
[5001] [Step Debug] WARN: Creating socket for 'localhost:9003', poll success, but error: Operation now in progress (19).
[5001] [Step Debug] ERR: Could not connect to debugging client. Tried: localhost:9003 (through xdebug.client_host/xdebug.client_port).
[5001] Log closed at 2025-08-14 05:46:06.865926

[5017] Log opened at 2025-08-14 05:46:07.026597
[5017] [Step Debug] INFO: Connecting to configured address/port: localhost:9003.
[5017] [Step Debug] WARN: Creating socket for 'localhost:9003', poll success, but error: Operation now in progress (19).
[5017] [Step Debug] WARN: Creating socket for 'localhost:9003', poll success, but error: Operation now in progress (19).
[5017] [Step Debug] ERR: Could not connect to debugging client. Tried: localhost:9003 (through xdebug.client_host/xdebug.client_port).
[5017] Log closed at 2025-08-14 05:46:07.923440

[5042] Log opened at 2025-08-14 05:46:08.027608
[5042] [Step Debug] INFO: Connecting to configured address/port: localhost:9003.
[5042] [Step Debug] WARN: Creating socket for 'localhost:9003', poll success, but error: Operation now in progress (19).
[5042] [Step Debug] WARN: Creating socket for 'localhost:9003', poll success, but error: Operation now in progress (19).
[5042] [Step Debug] ERR: Could not connect to debugging client. Tried: localhost:9003 (through xdebug.client_host/xdebug.client_port).
[5166] Log opened at 2025-08-14 05:46:19.486221
[5166] [Step Debug] INFO: Connecting to configured address/port: localhost:9003.
[5166] [Step Debug] WARN: Creating socket for 'localhost:9003', poll success, but error: Operation now in progress (19).
[5166] [Step Debug] WARN: Creating socket for 'localhost:9003', poll success, but error: Operation now in progress (19).
[5166] [Step Debug] ERR: Could not connect to debugging client. Tried: localhost:9003 (through xdebug.client_host/xdebug.client_port).
[5166] [Step Debug] INFO: Connecting to configured address/port: localhost:9003.
[5166] [Step Debug] WARN: Creating socket for 'localhost:9003', poll success, but error: Operation now in progress (19).
[5166] [Step Debug] WARN: Creating socket for 'localhost:9003', poll success, but error: Operation now in progress (19).
[5166] [Step Debug] ERR: Could not connect to debugging client. Tried: localhost:9003 (through xdebug.client_host/xdebug.client_port).
[5166] Log closed at 2025-08-14 05:46:19.691941

[5177] Log opened at 2025-08-14 05:46:20.121076
[5177] [Step Debug] INFO: Connecting to configured address/port: localhost:9003.
[5177] [Step Debug] WARN: Creating socket for 'localhost:9003', poll success, but error: Operation now in progress (19).
[5177] [Step Debug] WARN: Creating socket for 'localhost:9003', poll success, but error: Operation now in progress (19).
[5177] [Step Debug] ERR: Could not connect to debugging client. Tried: localhost:9003 (through xdebug.client_host/xdebug.client_port).
[5177] [Step Debug] INFO: Connecting to configured address/port: localhost:9003.
[5177] [Step Debug] WARN: Creating socket for 'localhost:9003', poll success, but error: Operation now in progress (19).
[5177] [Step Debug] WARN: Creating socket for 'localhost:9003', poll success, but error: Operation now in progress (19).
[5177] [Step Debug] ERR: Could not connect to debugging client. Tried: localhost:9003 (through xdebug.client_host/xdebug.client_port).
[5177] Log closed at 2025-08-14 05:46:20.283637

[5042] Log closed at 2025-08-14 05:46:20.391146

[5188] Log opened at 2025-08-14 05:46:20.486865
[5188] [Step Debug] INFO: Connecting to configured address/port: localhost:9003.
[5188] [Step Debug] WARN: Creating socket for 'localhost:9003', poll success, but error: Operation now in progress (19).
[5188] [Step Debug] WARN: Creating socket for 'localhost:9003', poll success, but error: Operation now in progress (19).
[5188] [Step Debug] ERR: Could not connect to debugging client. Tried: localhost:9003 (through xdebug.client_host/xdebug.client_port).
[5188] [Step Debug] INFO: Connecting to configured address/port: localhost:9003.
[5188] [Step Debug] WARN: Creating socket for 'localhost:9003', poll success, but error: Operation now in progress (19).
[5188] [Step Debug] WARN: Creating socket for 'localhost:9003', poll success, but error: Operation now in progress (19).
[5188] [Step Debug] ERR: Could not connect to debugging client. Tried: localhost:9003 (through xdebug.client_host/xdebug.client_port).
[5188] [Step Debug] INFO: Connecting to configured address/port: localhost:9003.
[5188] [Step Debug] WARN: Creating socket for 'localhost:9003', poll success, but error: Operation now in progress (19).
[5188] [Step Debug] WARN: Creating socket for 'localhost:9003', poll success, but error: Operation now in progress (19).
[5188] [Step Debug] ERR: Could not connect to debugging client. Tried: localhost:9003 (through xdebug.client_host/xdebug.client_port).
[5188] Log closed at 2025-08-14 05:46:20.568766

[5198] Log opened at 2025-08-14 05:46:20.666528
[5198] [Step Debug] INFO: Connecting to configured address/port: localhost:9003.
[5198] [Step Debug] WARN: Creating socket for 'localhost:9003', poll success, but error: Operation now in progress (19).
[5198] [Step Debug] WARN: Creating socket for 'localhost:9003', poll success, but error: Operation now in progress (19).
[5198] [Step Debug] ERR: Could not connect to debugging client. Tried: localhost:9003 (through xdebug.client_host/xdebug.client_port).
[5227] Log opened at 2025-08-14 05:46:27.132069
[5227] [Step Debug] INFO: Connecting to configured address/port: localhost:9003.
[5227] [Step Debug] WARN: Creating socket for 'localhost:9003', poll success, but error: Operation now in progress (19).
[5227] [Step Debug] WARN: Creating socket for 'localhost:9003', poll success, but error: Operation now in progress (19).
[5227] [Step Debug] ERR: Could not connect to debugging client. Tried: localhost:9003 (through xdebug.client_host/xdebug.client_port).
[5227] [Step Debug] INFO: Connecting to configured address/port: localhost:9003.
[5227] [Step Debug] WARN: Creating socket for 'localhost:9003', poll success, but error: Operation now in progress (19).
[5227] [Step Debug] WARN: Creating socket for 'localhost:9003', poll success, but error: Operation now in progress (19).
[5227] [Step Debug] ERR: Could not connect to debugging client. Tried: localhost:9003 (through xdebug.client_host/xdebug.client_port).
[5227] Log closed at 2025-08-14 05:46:27.351804

[5238] Log opened at 2025-08-14 05:46:27.781251
[5238] [Step Debug] INFO: Connecting to configured address/port: localhost:9003.
[5238] [Step Debug] WARN: Creating socket for 'localhost:9003', poll success, but error: Operation now in progress (19).
[5238] [Step Debug] WARN: Creating socket for 'localhost:9003', poll success, but error: Operation now in progress (19).
[5238] [Step Debug] ERR: Could not connect to debugging client. Tried: localhost:9003 (through xdebug.client_host/xdebug.client_port).
[5238] [Step Debug] INFO: Connecting to configured address/port: localhost:9003.
[5238] [Step Debug] WARN: Creating socket for 'localhost:9003', poll success, but error: Operation now in progress (19).
[5238] [Step Debug] WARN: Creating socket for 'localhost:9003', poll success, but error: Operation now in progress (19).
[5238] [Step Debug] ERR: Could not connect to debugging client. Tried: localhost:9003 (through xdebug.client_host/xdebug.client_port).
[5238] Log closed at 2025-08-14 05:46:27.944523

[5198] Log closed at 2025-08-14 05:46:29.294493

[5252] Log opened at 2025-08-14 05:46:29.394598
[5252] [Step Debug] INFO: Connecting to configured address/port: localhost:9003.
[5252] [Step Debug] WARN: Creating socket for 'localhost:9003', poll success, but error: Operation now in progress (19).
[5252] [Step Debug] WARN: Creating socket for 'localhost:9003', poll success, but error: Operation now in progress (19).
[5252] [Step Debug] ERR: Could not connect to debugging client. Tried: localhost:9003 (through xdebug.client_host/xdebug.client_port).
[5252] [Step Debug] INFO: Connecting to configured address/port: localhost:9003.
[5252] [Step Debug] WARN: Creating socket for 'localhost:9003', poll success, but error: Operation now in progress (19).
[5252] [Step Debug] WARN: Creating socket for 'localhost:9003', poll success, but error: Operation now in progress (19).
[5252] [Step Debug] ERR: Could not connect to debugging client. Tried: localhost:9003 (through xdebug.client_host/xdebug.client_port).
[5252] [Step Debug] INFO: Connecting to configured address/port: localhost:9003.
[5252] [Step Debug] WARN: Creating socket for 'localhost:9003', poll success, but error: Operation now in progress (19).
[5252] [Step Debug] WARN: Creating socket for 'localhost:9003', poll success, but error: Operation now in progress (19).
[5252] [Step Debug] ERR: Could not connect to debugging client. Tried: localhost:9003 (through xdebug.client_host/xdebug.client_port).
[5252] Log closed at 2025-08-14 05:46:29.596683

[5253] Log opened at 2025-08-14 05:46:29.694482
[5253] [Step Debug] INFO: Connecting to configured address/port: localhost:9003.
[5253] [Step Debug] WARN: Creating socket for 'localhost:9003', poll success, but error: Operation now in progress (19).
[5253] [Step Debug] WARN: Creating socket for 'localhost:9003', poll success, but error: Operation now in progress (19).
[5253] [Step Debug] ERR: Could not connect to debugging client. Tried: localhost:9003 (through xdebug.client_host/xdebug.client_port).
[5293] Log opened at 2025-08-14 05:46:34.007730
[5293] [Step Debug] INFO: Connecting to configured address/port: localhost:9003.
[5293] [Step Debug] WARN: Creating socket for 'localhost:9003', poll success, but error: Operation now in progress (19).
[5293] [Step Debug] WARN: Creating socket for 'localhost:9003', poll success, but error: Operation now in progress (19).
[5293] [Step Debug] ERR: Could not connect to debugging client. Tried: localhost:9003 (through xdebug.client_host/xdebug.client_port).
[5293] [Step Debug] INFO: Connecting to configured address/port: localhost:9003.
[5293] [Step Debug] WARN: Creating socket for 'localhost:9003', poll success, but error: Operation now in progress (19).
[5293] [Step Debug] WARN: Creating socket for 'localhost:9003', poll success, but error: Operation now in progress (19).
[5293] [Step Debug] ERR: Could not connect to debugging client. Tried: localhost:9003 (through xdebug.client_host/xdebug.client_port).
[5293] Log closed at 2025-08-14 05:46:34.367336

[5304] Log opened at 2025-08-14 05:46:34.873832
[5304] [Step Debug] INFO: Connecting to configured address/port: localhost:9003.
[5304] [Step Debug] WARN: Creating socket for 'localhost:9003', poll success, but error: Operation now in progress (19).
[5304] [Step Debug] WARN: Creating socket for 'localhost:9003', poll success, but error: Operation now in progress (19).
[5304] [Step Debug] ERR: Could not connect to debugging client. Tried: localhost:9003 (through xdebug.client_host/xdebug.client_port).
[5304] [Step Debug] INFO: Connecting to configured address/port: localhost:9003.
[5304] [Step Debug] WARN: Creating socket for 'localhost:9003', poll success, but error: Operation now in progress (19).
[5304] [Step Debug] WARN: Creating socket for 'localhost:9003', poll success, but error: Operation now in progress (19).
[5304] [Step Debug] ERR: Could not connect to debugging client. Tried: localhost:9003 (through xdebug.client_host/xdebug.client_port).
[5304] Log closed at 2025-08-14 05:46:35.035275

[5253] Log closed at 2025-08-14 05:46:36.484474

[6029] Log opened at 2025-08-14 05:48:47.590144
[6029] [Step Debug] INFO: Connecting to configured address/port: localhost:9003.
[6029] [Step Debug] WARN: Creating socket for 'localhost:9003', poll success, but error: Operation now in progress (19).
[6029] [Step Debug] WARN: Creating socket for 'localhost:9003', poll success, but error: Operation now in progress (19).
[6029] [Step Debug] ERR: Could not connect to debugging client. Tried: localhost:9003 (through xdebug.client_host/xdebug.client_port).
[6063] Log opened at 2025-08-14 05:48:50.903734
[6063] [Step Debug] INFO: Connecting to configured address/port: localhost:9003.
[6065] Log opened at 2025-08-14 05:48:50.904431
[6065] [Step Debug] INFO: Connecting to configured address/port: localhost:9003.
[6065] [Step Debug] WARN: Creating socket for 'localhost:9003', poll success, but error: Operation now in progress (19).
[6063] [Step Debug] WARN: Creating socket for 'localhost:9003', poll success, but error: Operation now in progress (19).
[6065] [Step Debug] WARN: Creating socket for 'localhost:9003', poll success, but error: Operation now in progress (19).
[6063] [Step Debug] WARN: Creating socket for 'localhost:9003', poll success, but error: Operation now in progress (19).
[6063] [Step Debug] ERR: Could not connect to debugging client. Tried: localhost:9003 (through xdebug.client_host/xdebug.client_port).
[6065] [Step Debug] ERR: Could not connect to debugging client. Tried: localhost:9003 (through xdebug.client_host/xdebug.client_port).
[6064] Log opened at 2025-08-14 05:48:50.907587
[6064] [Step Debug] INFO: Connecting to configured address/port: localhost:9003.
[6064] [Step Debug] WARN: Creating socket for 'localhost:9003', poll success, but error: Operation now in progress (19).
[6064] [Step Debug] WARN: Creating socket for 'localhost:9003', poll success, but error: Operation now in progress (19).
[6064] [Step Debug] ERR: Could not connect to debugging client. Tried: localhost:9003 (through xdebug.client_host/xdebug.client_port).
[6193] Log opened at 2025-08-14 05:48:51.202037
[6193] [Step Debug] INFO: Connecting to configured address/port: localhost:9003.
[6193] [Step Debug] WARN: Creating socket for 'localhost:9003', poll success, but error: Operation now in progress (19).
[6193] [Step Debug] WARN: Creating socket for 'localhost:9003', poll success, but error: Operation now in progress (19).
[6193] [Step Debug] ERR: Could not connect to debugging client. Tried: localhost:9003 (through xdebug.client_host/xdebug.client_port).
[6193] [Step Debug] INFO: Connecting to configured address/port: localhost:9003.
[6193] [Step Debug] WARN: Creating socket for 'localhost:9003', poll success, but error: Operation now in progress (19).
[6193] [Step Debug] WARN: Creating socket for 'localhost:9003', poll success, but error: Operation now in progress (19).
[6193] [Step Debug] ERR: Could not connect to debugging client. Tried: localhost:9003 (through xdebug.client_host/xdebug.client_port).
[6193] Log closed at 2025-08-14 05:48:54.402453

[6232] Log opened at 2025-08-14 05:48:54.509696
[6232] [Step Debug] INFO: Connecting to configured address/port: localhost:9003.
[6232] [Step Debug] WARN: Creating socket for 'localhost:9003', poll success, but error: Operation now in progress (19).
[6232] [Step Debug] WARN: Creating socket for 'localhost:9003', poll success, but error: Operation now in progress (19).
[6232] [Step Debug] ERR: Could not connect to debugging client. Tried: localhost:9003 (through xdebug.client_host/xdebug.client_port).
[6232] [Step Debug] INFO: Connecting to configured address/port: localhost:9003.
[6232] [Step Debug] WARN: Creating socket for 'localhost:9003', poll success, but error: Operation now in progress (19).
[6232] [Step Debug] WARN: Creating socket for 'localhost:9003', poll success, but error: Operation now in progress (19).
[6232] [Step Debug] ERR: Could not connect to debugging client. Tried: localhost:9003 (through xdebug.client_host/xdebug.client_port).
[6232] Log closed at 2025-08-14 05:48:57.712488

[6272] Log opened at 2025-08-14 05:48:57.816803
[6272] [Step Debug] INFO: Connecting to configured address/port: localhost:9003.
[6272] [Step Debug] WARN: Creating socket for 'localhost:9003', poll success, but error: Operation now in progress (19).
[6272] [Step Debug] WARN: Creating socket for 'localhost:9003', poll success, but error: Operation now in progress (19).
[6272] [Step Debug] ERR: Could not connect to debugging client. Tried: localhost:9003 (through xdebug.client_host/xdebug.client_port).
[6272] [Step Debug] INFO: Connecting to configured address/port: localhost:9003.
[6272] [Step Debug] WARN: Creating socket for 'localhost:9003', poll success, but error: Operation now in progress (19).
[6272] [Step Debug] WARN: Creating socket for 'localhost:9003', poll success, but error: Operation now in progress (19).
[6272] [Step Debug] ERR: Could not connect to debugging client. Tried: localhost:9003 (through xdebug.client_host/xdebug.client_port).
[6272] Log closed at 2025-08-14 05:49:01.010313

[6316] Log opened at 2025-08-14 05:49:01.117098
[6316] [Step Debug] INFO: Connecting to configured address/port: localhost:9003.
[6316] [Step Debug] WARN: Creating socket for 'localhost:9003', poll success, but error: Operation now in progress (19).
[6316] [Step Debug] WARN: Creating socket for 'localhost:9003', poll success, but error: Operation now in progress (19).
[6316] [Step Debug] ERR: Could not connect to debugging client. Tried: localhost:9003 (through xdebug.client_host/xdebug.client_port).
[6316] [Step Debug] INFO: Connecting to configured address/port: localhost:9003.
[6316] [Step Debug] WARN: Creating socket for 'localhost:9003', poll success, but error: Operation now in progress (19).
[6316] [Step Debug] WARN: Creating socket for 'localhost:9003', poll success, but error: Operation now in progress (19).
[6316] [Step Debug] ERR: Could not connect to debugging client. Tried: localhost:9003 (through xdebug.client_host/xdebug.client_port).
[6316] Log closed at 2025-08-14 05:49:04.306899

[6353] Log opened at 2025-08-14 05:49:04.409981
[6353] [Step Debug] INFO: Connecting to configured address/port: localhost:9003.
[6353] [Step Debug] WARN: Creating socket for 'localhost:9003', poll success, but error: Operation now in progress (19).
[6353] [Step Debug] WARN: Creating socket for 'localhost:9003', poll success, but error: Operation now in progress (19).
[6353] [Step Debug] ERR: Could not connect to debugging client. Tried: localhost:9003 (through xdebug.client_host/xdebug.client_port).
[6353] [Step Debug] INFO: Connecting to configured address/port: localhost:9003.
[6353] [Step Debug] WARN: Creating socket for 'localhost:9003', poll success, but error: Operation now in progress (19).
[6353] [Step Debug] WARN: Creating socket for 'localhost:9003', poll success, but error: Operation now in progress (19).
[6353] [Step Debug] ERR: Could not connect to debugging client. Tried: localhost:9003 (through xdebug.client_host/xdebug.client_port).
[6353] Log closed at 2025-08-14 05:49:07.603284

[6390] Log opened at 2025-08-14 05:49:07.730694
[6390] [Step Debug] INFO: Connecting to configured address/port: localhost:9003.
[6390] [Step Debug] WARN: Creating socket for 'localhost:9003', poll success, but error: Operation now in progress (19).
[6390] [Step Debug] WARN: Creating socket for 'localhost:9003', poll success, but error: Operation now in progress (19).
[6390] [Step Debug] ERR: Could not connect to debugging client. Tried: localhost:9003 (through xdebug.client_host/xdebug.client_port).
[6390] [Step Debug] INFO: Connecting to configured address/port: localhost:9003.
[6390] [Step Debug] WARN: Creating socket for 'localhost:9003', poll success, but error: Operation now in progress (19).
[6390] [Step Debug] WARN: Creating socket for 'localhost:9003', poll success, but error: Operation now in progress (19).
[6390] [Step Debug] ERR: Could not connect to debugging client. Tried: localhost:9003 (through xdebug.client_host/xdebug.client_port).
[6390] Log closed at 2025-08-14 05:49:10.973014

[6428] Log opened at 2025-08-14 05:49:11.076263
[6428] [Step Debug] INFO: Connecting to configured address/port: localhost:9003.
[6428] [Step Debug] WARN: Creating socket for 'localhost:9003', poll success, but error: Operation now in progress (19).
[6428] [Step Debug] WARN: Creating socket for 'localhost:9003', poll success, but error: Operation now in progress (19).
[6428] [Step Debug] ERR: Could not connect to debugging client. Tried: localhost:9003 (through xdebug.client_host/xdebug.client_port).
[6428] [Step Debug] INFO: Connecting to configured address/port: localhost:9003.
[6428] [Step Debug] WARN: Creating socket for 'localhost:9003', poll success, but error: Operation now in progress (19).
[6428] [Step Debug] WARN: Creating socket for 'localhost:9003', poll success, but error: Operation now in progress (19).
[6428] [Step Debug] ERR: Could not connect to debugging client. Tried: localhost:9003 (through xdebug.client_host/xdebug.client_port).
[6428] Log closed at 2025-08-14 05:49:14.338313

[6481] Log opened at 2025-08-14 05:49:14.516624
[6481] [Step Debug] INFO: Connecting to configured address/port: localhost:9003.
[6481] [Step Debug] WARN: Creating socket for 'localhost:9003', poll success, but error: Operation now in progress (19).
[6481] [Step Debug] WARN: Creating socket for 'localhost:9003', poll success, but error: Operation now in progress (19).
[6481] [Step Debug] ERR: Could not connect to debugging client. Tried: localhost:9003 (through xdebug.client_host/xdebug.client_port).
[6481] [Step Debug] INFO: Connecting to configured address/port: localhost:9003.
[6481] [Step Debug] WARN: Creating socket for 'localhost:9003', poll success, but error: Operation now in progress (19).
[6481] [Step Debug] WARN: Creating socket for 'localhost:9003', poll success, but error: Operation now in progress (19).
[6481] [Step Debug] ERR: Could not connect to debugging client. Tried: localhost:9003 (through xdebug.client_host/xdebug.client_port).
[6481] Log closed at 2025-08-14 05:49:17.875616

[6534] Log opened at 2025-08-14 05:49:17.977138
[6534] [Step Debug] INFO: Connecting to configured address/port: localhost:9003.
[6534] [Step Debug] WARN: Creating socket for 'localhost:9003', poll success, but error: Operation now in progress (19).
[6534] [Step Debug] WARN: Creating socket for 'localhost:9003', poll success, but error: Operation now in progress (19).
[6534] [Step Debug] ERR: Could not connect to debugging client. Tried: localhost:9003 (through xdebug.client_host/xdebug.client_port).
[6534] [Step Debug] INFO: Connecting to configured address/port: localhost:9003.
[6534] [Step Debug] WARN: Creating socket for 'localhost:9003', poll success, but error: Operation now in progress (19).
[6534] [Step Debug] WARN: Creating socket for 'localhost:9003', poll success, but error: Operation now in progress (19).
[6534] [Step Debug] ERR: Could not connect to debugging client. Tried: localhost:9003 (through xdebug.client_host/xdebug.client_port).
[6534] Log closed at 2025-08-14 05:49:21.214193

[6579] Log opened at 2025-08-14 05:49:21.311202
[6579] [Step Debug] INFO: Connecting to configured address/port: localhost:9003.
[6579] [Step Debug] WARN: Creating socket for 'localhost:9003', poll success, but error: Operation now in progress (19).
[6579] [Step Debug] WARN: Creating socket for 'localhost:9003', poll success, but error: Operation now in progress (19).
[6579] [Step Debug] ERR: Could not connect to debugging client. Tried: localhost:9003 (through xdebug.client_host/xdebug.client_port).
[6579] [Step Debug] INFO: Connecting to configured address/port: localhost:9003.
[6579] [Step Debug] WARN: Creating socket for 'localhost:9003', poll success, but error: Operation now in progress (19).
[6579] [Step Debug] WARN: Creating socket for 'localhost:9003', poll success, but error: Operation now in progress (19).
[6579] [Step Debug] ERR: Could not connect to debugging client. Tried: localhost:9003 (through xdebug.client_host/xdebug.client_port).
[6579] Log closed at 2025-08-14 05:49:24.491644

[6616] Log opened at 2025-08-14 05:49:24.590944
[6616] [Step Debug] INFO: Connecting to configured address/port: localhost:9003.
[6616] [Step Debug] WARN: Creating socket for 'localhost:9003', poll success, but error: Operation now in progress (19).
[6616] [Step Debug] WARN: Creating socket for 'localhost:9003', poll success, but error: Operation now in progress (19).
[6616] [Step Debug] ERR: Could not connect to debugging client. Tried: localhost:9003 (through xdebug.client_host/xdebug.client_port).
[6616] [Step Debug] INFO: Connecting to configured address/port: localhost:9003.
[6616] [Step Debug] WARN: Creating socket for 'localhost:9003', poll success, but error: Operation now in progress (19).
[6616] [Step Debug] WARN: Creating socket for 'localhost:9003', poll success, but error: Operation now in progress (19).
[6616] [Step Debug] ERR: Could not connect to debugging client. Tried: localhost:9003 (through xdebug.client_host/xdebug.client_port).
[6616] Log closed at 2025-08-14 05:49:27.816136

[6653] Log opened at 2025-08-14 05:49:27.920652
[6653] [Step Debug] INFO: Connecting to configured address/port: localhost:9003.
[6653] [Step Debug] WARN: Creating socket for 'localhost:9003', poll success, but error: Operation now in progress (19).
[6653] [Step Debug] WARN: Creating socket for 'localhost:9003', poll success, but error: Operation now in progress (19).
[6653] [Step Debug] ERR: Could not connect to debugging client. Tried: localhost:9003 (through xdebug.client_host/xdebug.client_port).
[6653] [Step Debug] INFO: Connecting to configured address/port: localhost:9003.
[6653] [Step Debug] WARN: Creating socket for 'localhost:9003', poll success, but error: Operation now in progress (19).
[6653] [Step Debug] WARN: Creating socket for 'localhost:9003', poll success, but error: Operation now in progress (19).
[6653] [Step Debug] ERR: Could not connect to debugging client. Tried: localhost:9003 (through xdebug.client_host/xdebug.client_port).
[6653] Log closed at 2025-08-14 05:49:31.119101

[6696] Log opened at 2025-08-14 05:49:31.243917
[6696] [Step Debug] INFO: Connecting to configured address/port: localhost:9003.
[6696] [Step Debug] WARN: Creating socket for 'localhost:9003', poll success, but error: Operation now in progress (19).
[6696] [Step Debug] WARN: Creating socket for 'localhost:9003', poll success, but error: Operation now in progress (19).
[6696] [Step Debug] ERR: Could not connect to debugging client. Tried: localhost:9003 (through xdebug.client_host/xdebug.client_port).
[6696] [Step Debug] INFO: Connecting to configured address/port: localhost:9003.
[6696] [Step Debug] WARN: Creating socket for 'localhost:9003', poll success, but error: Operation now in progress (19).
[6696] [Step Debug] WARN: Creating socket for 'localhost:9003', poll success, but error: Operation now in progress (19).
[6696] [Step Debug] ERR: Could not connect to debugging client. Tried: localhost:9003 (through xdebug.client_host/xdebug.client_port).
[6696] Log closed at 2025-08-14 05:49:34.494340

[6733] Log opened at 2025-08-14 05:49:34.608664
[6733] [Step Debug] INFO: Connecting to configured address/port: localhost:9003.
[6733] [Step Debug] WARN: Creating socket for 'localhost:9003', poll success, but error: Operation now in progress (19).
[6733] [Step Debug] WARN: Creating socket for 'localhost:9003', poll success, but error: Operation now in progress (19).
[6733] [Step Debug] ERR: Could not connect to debugging client. Tried: localhost:9003 (through xdebug.client_host/xdebug.client_port).
[6733] [Step Debug] INFO: Connecting to configured address/port: localhost:9003.
[6733] [Step Debug] WARN: Creating socket for 'localhost:9003', poll success, but error: Operation now in progress (19).
[6733] [Step Debug] WARN: Creating socket for 'localhost:9003', poll success, but error: Operation now in progress (19).
[6733] [Step Debug] ERR: Could not connect to debugging client. Tried: localhost:9003 (through xdebug.client_host/xdebug.client_port).
[6733] Log closed at 2025-08-14 05:49:37.799025

[6771] Log opened at 2025-08-14 05:49:37.910170
[6771] [Step Debug] INFO: Connecting to configured address/port: localhost:9003.
[6771] [Step Debug] WARN: Creating socket for 'localhost:9003', poll success, but error: Operation now in progress (19).
[6771] [Step Debug] WARN: Creating socket for 'localhost:9003', poll success, but error: Operation now in progress (19).
[6771] [Step Debug] ERR: Could not connect to debugging client. Tried: localhost:9003 (through xdebug.client_host/xdebug.client_port).
[6771] [Step Debug] INFO: Connecting to configured address/port: localhost:9003.
[6771] [Step Debug] WARN: Creating socket for 'localhost:9003', poll success, but error: Operation now in progress (19).
[6771] [Step Debug] WARN: Creating socket for 'localhost:9003', poll success, but error: Operation now in progress (19).
[6771] [Step Debug] ERR: Could not connect to debugging client. Tried: localhost:9003 (through xdebug.client_host/xdebug.client_port).
[6771] Log closed at 2025-08-14 05:49:41.110381

[6808] Log opened at 2025-08-14 05:49:41.220441
[6808] [Step Debug] INFO: Connecting to configured address/port: localhost:9003.
[6808] [Step Debug] WARN: Creating socket for 'localhost:9003', poll success, but error: Operation now in progress (19).
[6808] [Step Debug] WARN: Creating socket for 'localhost:9003', poll success, but error: Operation now in progress (19).
[6808] [Step Debug] ERR: Could not connect to debugging client. Tried: localhost:9003 (through xdebug.client_host/xdebug.client_port).
[6808] [Step Debug] INFO: Connecting to configured address/port: localhost:9003.
[6808] [Step Debug] WARN: Creating socket for 'localhost:9003', poll success, but error: Operation now in progress (19).
[6808] [Step Debug] WARN: Creating socket for 'localhost:9003', poll success, but error: Operation now in progress (19).
[6808] [Step Debug] ERR: Could not connect to debugging client. Tried: localhost:9003 (through xdebug.client_host/xdebug.client_port).
[6808] Log closed at 2025-08-14 05:49:44.426616

[6845] Log opened at 2025-08-14 05:49:44.530976
[6845] [Step Debug] INFO: Connecting to configured address/port: localhost:9003.
[6845] [Step Debug] WARN: Creating socket for 'localhost:9003', poll success, but error: Operation now in progress (19).
[6845] [Step Debug] WARN: Creating socket for 'localhost:9003', poll success, but error: Operation now in progress (19).
[6845] [Step Debug] ERR: Could not connect to debugging client. Tried: localhost:9003 (through xdebug.client_host/xdebug.client_port).
[6845] [Step Debug] INFO: Connecting to configured address/port: localhost:9003.
[6845] [Step Debug] WARN: Creating socket for 'localhost:9003', poll success, but error: Operation now in progress (19).
[6845] [Step Debug] WARN: Creating socket for 'localhost:9003', poll success, but error: Operation now in progress (19).
[6845] [Step Debug] ERR: Could not connect to debugging client. Tried: localhost:9003 (through xdebug.client_host/xdebug.client_port).
[6845] Log closed at 2025-08-14 05:49:47.702391

[6882] Log opened at 2025-08-14 05:49:47.806985
[6882] [Step Debug] INFO: Connecting to configured address/port: localhost:9003.
[6882] [Step Debug] WARN: Creating socket for 'localhost:9003', poll success, but error: Operation now in progress (19).
[6882] [Step Debug] WARN: Creating socket for 'localhost:9003', poll success, but error: Operation now in progress (19).
[6882] [Step Debug] ERR: Could not connect to debugging client. Tried: localhost:9003 (through xdebug.client_host/xdebug.client_port).
[6882] [Step Debug] INFO: Connecting to configured address/port: localhost:9003.
[6882] [Step Debug] WARN: Creating socket for 'localhost:9003', poll success, but error: Operation now in progress (19).
[6882] [Step Debug] WARN: Creating socket for 'localhost:9003', poll success, but error: Operation now in progress (19).
[6882] [Step Debug] ERR: Could not connect to debugging client. Tried: localhost:9003 (through xdebug.client_host/xdebug.client_port).
[6882] Log closed at 2025-08-14 05:49:50.983924

[6920] Log opened at 2025-08-14 05:49:51.085739
[6920] [Step Debug] INFO: Connecting to configured address/port: localhost:9003.
[6920] [Step Debug] WARN: Creating socket for 'localhost:9003', poll success, but error: Operation now in progress (19).
[6920] [Step Debug] WARN: Creating socket for 'localhost:9003', poll success, but error: Operation now in progress (19).
[6920] [Step Debug] ERR: Could not connect to debugging client. Tried: localhost:9003 (through xdebug.client_host/xdebug.client_port).
[6920] [Step Debug] INFO: Connecting to configured address/port: localhost:9003.
[6920] [Step Debug] WARN: Creating socket for 'localhost:9003', poll success, but error: Operation now in progress (19).
[6920] [Step Debug] WARN: Creating socket for 'localhost:9003', poll success, but error: Operation now in progress (19).
[6920] [Step Debug] ERR: Could not connect to debugging client. Tried: localhost:9003 (through xdebug.client_host/xdebug.client_port).
[6920] Log closed at 2025-08-14 05:49:54.259013

[6957] Log opened at 2025-08-14 05:49:54.361680
[6957] [Step Debug] INFO: Connecting to configured address/port: localhost:9003.
[6957] [Step Debug] WARN: Creating socket for 'localhost:9003', poll success, but error: Operation now in progress (19).
[6957] [Step Debug] WARN: Creating socket for 'localhost:9003', poll success, but error: Operation now in progress (19).
[6957] [Step Debug] ERR: Could not connect to debugging client. Tried: localhost:9003 (through xdebug.client_host/xdebug.client_port).
[6063] [Step Debug] INFO: Connecting to configured address/port: localhost:9003.
[6063] [Step Debug] WARN: Creating socket for 'localhost:9003', poll success, but error: Operation now in progress (19).
[6063] [Step Debug] WARN: Creating socket for 'localhost:9003', poll success, but error: Operation now in progress (19).
[6063] [Step Debug] ERR: Could not connect to debugging client. Tried: localhost:9003 (through xdebug.client_host/xdebug.client_port).
[6063] [Step Debug] INFO: Connecting to configured address/port: localhost:9003.
[6063] [Step Debug] WARN: Creating socket for 'localhost:9003', poll success, but error: Operation now in progress (19).
[6063] [Step Debug] WARN: Creating socket for 'localhost:9003', poll success, but error: Operation now in progress (19).
[6063] [Step Debug] ERR: Could not connect to debugging client. Tried: localhost:9003 (through xdebug.client_host/xdebug.client_port).
[6063] [Step Debug] INFO: Connecting to configured address/port: localhost:9003.
[6063] [Step Debug] WARN: Creating socket for 'localhost:9003', poll success, but error: Operation now in progress (19).
[6063] [Step Debug] WARN: Creating socket for 'localhost:9003', poll success, but error: Operation now in progress (19).
[6063] [Step Debug] ERR: Could not connect to debugging client. Tried: localhost:9003 (through xdebug.client_host/xdebug.client_port).
[6065] [Step Debug] INFO: Connecting to configured address/port: localhost:9003.
[6065] [Step Debug] WARN: Creating socket for 'localhost:9003', poll success, but error: Operation now in progress (19).
[6065] [Step Debug] WARN: Creating socket for 'localhost:9003', poll success, but error: Operation now in progress (19).
[6065] [Step Debug] ERR: Could not connect to debugging client. Tried: localhost:9003 (through xdebug.client_host/xdebug.client_port).
[6065] [Step Debug] INFO: Connecting to configured address/port: localhost:9003.
[6065] [Step Debug] WARN: Creating socket for 'localhost:9003', poll success, but error: Operation now in progress (19).
[6065] [Step Debug] WARN: Creating socket for 'localhost:9003', poll success, but error: Operation now in progress (19).
[6065] [Step Debug] ERR: Could not connect to debugging client. Tried: localhost:9003 (through xdebug.client_host/xdebug.client_port).
[6063] Log closed at 2025-08-14 05:49:57.151937

[6065] Log closed at 2025-08-14 05:49:57.154119

[6029] Log closed at 2025-08-14 05:49:57.310862

[7550] Log opened at 2025-08-14 05:53:31.467108
[7550] [Step Debug] INFO: Connecting to configured address/port: localhost:9003.
[7550] [Step Debug] WARN: Creating socket for 'localhost:9003', poll success, but error: Operation now in progress (19).
[7550] [Step Debug] WARN: Creating socket for 'localhost:9003', poll success, but error: Operation now in progress (19).
[7550] [Step Debug] ERR: Could not connect to debugging client. Tried: localhost:9003 (through xdebug.client_host/xdebug.client_port).
[7550] Log closed at 2025-08-14 05:53:31.470283

[7554] Log opened at 2025-08-14 05:53:31.848812
[7554] [Step Debug] INFO: Connecting to configured address/port: localhost:9003.
[7554] [Step Debug] WARN: Creating socket for 'localhost:9003', poll success, but error: Operation now in progress (19).
[7554] [Step Debug] WARN: Creating socket for 'localhost:9003', poll success, but error: Operation now in progress (19).
[7554] [Step Debug] ERR: Could not connect to debugging client. Tried: localhost:9003 (through xdebug.client_host/xdebug.client_port).
[7551] Log opened at 2025-08-14 05:53:31.860402
[7551] [Step Debug] INFO: Connecting to configured address/port: localhost:9003.
[7551] [Step Debug] WARN: Creating socket for 'localhost:9003', poll success, but error: Operation now in progress (19).
[7551] [Step Debug] WARN: Creating socket for 'localhost:9003', poll success, but error: Operation now in progress (19).
[7551] [Step Debug] ERR: Could not connect to debugging client. Tried: localhost:9003 (through xdebug.client_host/xdebug.client_port).
[7552] Log opened at 2025-08-14 05:53:31.863153
[7552] [Step Debug] INFO: Connecting to configured address/port: localhost:9003.
[7552] [Step Debug] WARN: Creating socket for 'localhost:9003', poll success, but error: Operation now in progress (19).
[7552] [Step Debug] WARN: Creating socket for 'localhost:9003', poll success, but error: Operation now in progress (19).
[7552] [Step Debug] ERR: Could not connect to debugging client. Tried: localhost:9003 (through xdebug.client_host/xdebug.client_port).
[7555] Log opened at 2025-08-14 05:53:31.874285
[7555] [Step Debug] INFO: Connecting to configured address/port: localhost:9003.
[7555] [Step Debug] WARN: Creating socket for 'localhost:9003', poll success, but error: Operation now in progress (19).
[7555] [Step Debug] WARN: Creating socket for 'localhost:9003', poll success, but error: Operation now in progress (19).
[7555] [Step Debug] ERR: Could not connect to debugging client. Tried: localhost:9003 (through xdebug.client_host/xdebug.client_port).
[7557] Log opened at 2025-08-14 05:53:31.887050
[7557] [Step Debug] INFO: Connecting to configured address/port: localhost:9003.
[7557] [Step Debug] WARN: Creating socket for 'localhost:9003', poll success, but error: Operation now in progress (19).
[7557] [Step Debug] WARN: Creating socket for 'localhost:9003', poll success, but error: Operation now in progress (19).
[7557] [Step Debug] ERR: Could not connect to debugging client. Tried: localhost:9003 (through xdebug.client_host/xdebug.client_port).
[7553] Log opened at 2025-08-14 05:53:31.894872
[7553] [Step Debug] INFO: Connecting to configured address/port: localhost:9003.
[7556] Log opened at 2025-08-14 05:53:31.897451
[7556] [Step Debug] INFO: Connecting to configured address/port: localhost:9003.
[7553] [Step Debug] WARN: Creating socket for 'localhost:9003', poll success, but error: Operation now in progress (19).
[7553] [Step Debug] WARN: Creating socket for 'localhost:9003', poll success, but error: Operation now in progress (19).
[7553] [Step Debug] ERR: Could not connect to debugging client. Tried: localhost:9003 (through xdebug.client_host/xdebug.client_port).
[7556] [Step Debug] WARN: Creating socket for 'localhost:9003', poll success, but error: Operation now in progress (19).
[7556] [Step Debug] WARN: Creating socket for 'localhost:9003', poll success, but error: Operation now in progress (19).
[7556] [Step Debug] ERR: Could not connect to debugging client. Tried: localhost:9003 (through xdebug.client_host/xdebug.client_port).
[7561] Log opened at 2025-08-14 05:53:31.917878
[7561] [Step Debug] INFO: Connecting to configured address/port: localhost:9003.
[7561] [Step Debug] WARN: Creating socket for 'localhost:9003', poll success, but error: Operation now in progress (19).
[7561] [Step Debug] WARN: Creating socket for 'localhost:9003', poll success, but error: Operation now in progress (19).
[7561] [Step Debug] ERR: Could not connect to debugging client. Tried: localhost:9003 (through xdebug.client_host/xdebug.client_port).
[7560] Log opened at 2025-08-14 05:53:32.006157
[7560] [Step Debug] INFO: Connecting to configured address/port: localhost:9003.
[7559] Log opened at 2025-08-14 05:53:32.004656
[7559] [Step Debug] INFO: Connecting to configured address/port: localhost:9003.
[7558] Log opened at 2025-08-14 05:53:31.916819
[7558] [Step Debug] INFO: Connecting to configured address/port: localhost:9003.
[7560] [Step Debug] WARN: Creating socket for 'localhost:9003', poll success, but error: Operation now in progress (19).
[7560] [Step Debug] WARN: Creating socket for 'localhost:9003', poll success, but error: Operation now in progress (19).
[7560] [Step Debug] ERR: Could not connect to debugging client. Tried: localhost:9003 (through xdebug.client_host/xdebug.client_port).
[7559] [Step Debug] WARN: Creating socket for 'localhost:9003', poll success, but error: Operation now in progress (19).
[7559] [Step Debug] WARN: Creating socket for 'localhost:9003', poll success, but error: Operation now in progress (19).
[7559] [Step Debug] ERR: Could not connect to debugging client. Tried: localhost:9003 (through xdebug.client_host/xdebug.client_port).
[7558] [Step Debug] WARN: Creating socket for 'localhost:9003', poll success, but error: Operation now in progress (19).
[7558] [Step Debug] WARN: Creating socket for 'localhost:9003', poll success, but error: Operation now in progress (19).
[7558] [Step Debug] ERR: Could not connect to debugging client. Tried: localhost:9003 (through xdebug.client_host/xdebug.client_port).
[7563] Log opened at 2025-08-14 05:53:32.031192
[7563] [Step Debug] INFO: Connecting to configured address/port: localhost:9003.
[7562] Log opened at 2025-08-14 05:53:32.033440
[7562] [Step Debug] INFO: Connecting to configured address/port: localhost:9003.
[7563] [Step Debug] WARN: Creating socket for 'localhost:9003', poll success, but error: Operation now in progress (19).
[7563] [Step Debug] WARN: Creating socket for 'localhost:9003', poll success, but error: Operation now in progress (19).
[7563] [Step Debug] ERR: Could not connect to debugging client. Tried: localhost:9003 (through xdebug.client_host/xdebug.client_port).
[7562] [Step Debug] WARN: Creating socket for 'localhost:9003', poll success, but error: Operation now in progress (19).
[7562] [Step Debug] WARN: Creating socket for 'localhost:9003', poll success, but error: Operation now in progress (19).
[7562] [Step Debug] ERR: Could not connect to debugging client. Tried: localhost:9003 (through xdebug.client_host/xdebug.client_port).
[7551] [Step Debug] INFO: Connecting to configured address/port: localhost:9003.
[7551] [Step Debug] WARN: Creating socket for 'localhost:9003', poll success, but error: Operation now in progress (19).
[7551] [Step Debug] WARN: Creating socket for 'localhost:9003', poll success, but error: Operation now in progress (19).
[7551] [Step Debug] ERR: Could not connect to debugging client. Tried: localhost:9003 (through xdebug.client_host/xdebug.client_port).
[7551] Log closed at 2025-08-14 05:53:32.409715

[7556] [Step Debug] INFO: Connecting to configured address/port: localhost:9003.
[7556] [Step Debug] WARN: Creating socket for 'localhost:9003', poll success, but error: Operation now in progress (19).
[7556] [Step Debug] WARN: Creating socket for 'localhost:9003', poll success, but error: Operation now in progress (19).
[7556] [Step Debug] ERR: Could not connect to debugging client. Tried: localhost:9003 (through xdebug.client_host/xdebug.client_port).
[7556] Log closed at 2025-08-14 05:53:32.431581

[7557] [Step Debug] INFO: Connecting to configured address/port: localhost:9003.
[7557] [Step Debug] WARN: Creating socket for 'localhost:9003', poll success, but error: Operation now in progress (19).
[7557] [Step Debug] WARN: Creating socket for 'localhost:9003', poll success, but error: Operation now in progress (19).
[7557] [Step Debug] ERR: Could not connect to debugging client. Tried: localhost:9003 (through xdebug.client_host/xdebug.client_port).
[7557] Log closed at 2025-08-14 05:53:32.439422

[7552] [Step Debug] INFO: Connecting to configured address/port: localhost:9003.
[7553] [Step Debug] INFO: Connecting to configured address/port: localhost:9003.
[7553] [Step Debug] WARN: Creating socket for 'localhost:9003', poll success, but error: Operation now in progress (19).
[7552] [Step Debug] WARN: Creating socket for 'localhost:9003', poll success, but error: Operation now in progress (19).
[7553] [Step Debug] WARN: Creating socket for 'localhost:9003', poll success, but error: Operation now in progress (19).
[7553] [Step Debug] ERR: Could not connect to debugging client. Tried: localhost:9003 (through xdebug.client_host/xdebug.client_port).
[7552] [Step Debug] WARN: Creating socket for 'localhost:9003', poll success, but error: Operation now in progress (19).
[7552] [Step Debug] ERR: Could not connect to debugging client. Tried: localhost:9003 (through xdebug.client_host/xdebug.client_port).
[7552] Log closed at 2025-08-14 05:53:32.446418

[7553] Log closed at 2025-08-14 05:53:32.446927

[7558] [Step Debug] INFO: Connecting to configured address/port: localhost:9003.
[7558] [Step Debug] WARN: Creating socket for 'localhost:9003', poll success, but error: Operation now in progress (19).
[7558] [Step Debug] WARN: Creating socket for 'localhost:9003', poll success, but error: Operation now in progress (19).
[7558] [Step Debug] ERR: Could not connect to debugging client. Tried: localhost:9003 (through xdebug.client_host/xdebug.client_port).
[7558] Log closed at 2025-08-14 05:53:32.478592

[7559] [Step Debug] INFO: Connecting to configured address/port: localhost:9003.
[7559] [Step Debug] WARN: Creating socket for 'localhost:9003', poll success, but error: Operation now in progress (19).
[7559] [Step Debug] WARN: Creating socket for 'localhost:9003', poll success, but error: Operation now in progress (19).
[7559] [Step Debug] ERR: Could not connect to debugging client. Tried: localhost:9003 (through xdebug.client_host/xdebug.client_port).
[7559] Log closed at 2025-08-14 05:53:32.486271

[7560] [Step Debug] INFO: Connecting to configured address/port: localhost:9003.
[7560] [Step Debug] WARN: Creating socket for 'localhost:9003', poll success, but error: Operation now in progress (19).
[7560] [Step Debug] WARN: Creating socket for 'localhost:9003', poll success, but error: Operation now in progress (19).
[7560] [Step Debug] ERR: Could not connect to debugging client. Tried: localhost:9003 (through xdebug.client_host/xdebug.client_port).
[7560] Log closed at 2025-08-14 05:53:32.491071

[7563] [Step Debug] INFO: Connecting to configured address/port: localhost:9003.
[7563] [Step Debug] WARN: Creating socket for 'localhost:9003', poll success, but error: Operation now in progress (19).
[7563] [Step Debug] WARN: Creating socket for 'localhost:9003', poll success, but error: Operation now in progress (19).
[7563] [Step Debug] ERR: Could not connect to debugging client. Tried: localhost:9003 (through xdebug.client_host/xdebug.client_port).
[7562] [Step Debug] INFO: Connecting to configured address/port: localhost:9003.
[7562] [Step Debug] WARN: Creating socket for 'localhost:9003', poll success, but error: Operation now in progress (19).
[7562] [Step Debug] WARN: Creating socket for 'localhost:9003', poll success, but error: Operation now in progress (19).
[7562] [Step Debug] ERR: Could not connect to debugging client. Tried: localhost:9003 (through xdebug.client_host/xdebug.client_port).
[7563] Log closed at 2025-08-14 05:53:32.519067

[7562] Log closed at 2025-08-14 05:53:32.522605

[7555] [Step Debug] INFO: Connecting to configured address/port: localhost:9003.
[7555] [Step Debug] WARN: Creating socket for 'localhost:9003', poll success, but error: Operation now in progress (19).
[7555] [Step Debug] WARN: Creating socket for 'localhost:9003', poll success, but error: Operation now in progress (19).
[7555] [Step Debug] ERR: Could not connect to debugging client. Tried: localhost:9003 (through xdebug.client_host/xdebug.client_port).
[7555] Log closed at 2025-08-14 05:53:32.606140

[7554] [Step Debug] INFO: Connecting to configured address/port: localhost:9003.
[7554] [Step Debug] WARN: Creating socket for 'localhost:9003', poll success, but error: Operation now in progress (19).
[7554] [Step Debug] WARN: Creating socket for 'localhost:9003', poll success, but error: Operation now in progress (19).
[7554] [Step Debug] ERR: Could not connect to debugging client. Tried: localhost:9003 (through xdebug.client_host/xdebug.client_port).
[7554] Log closed at 2025-08-14 05:53:32.700391

[7561] [Step Debug] INFO: Connecting to configured address/port: localhost:9003.
[7561] [Step Debug] WARN: Creating socket for 'localhost:9003', poll success, but error: Operation now in progress (19).
[7561] [Step Debug] WARN: Creating socket for 'localhost:9003', poll success, but error: Operation now in progress (19).
[7561] [Step Debug] ERR: Could not connect to debugging client. Tried: localhost:9003 (through xdebug.client_host/xdebug.client_port).
[7561] Log closed at 2025-08-14 05:53:32.890718

